app/build/intermediates/manifest_merge_blame_file/release/manifest-merger-blame-release-report.txt
1<?xml version="1.0" encoding="utf-8"?>
2<manifest xmlns:android="http://schemas.android.com/apk/res/android"
3    package="net.apw.codeaurora.gitclone"
4    android:versionCode="1"
5    android:versionName="1.0" >
6
7    <uses-sdk
8        android:minSdkVersion="21"
8-->src/main/AndroidManifest.xml
9        android:targetSdkVersion="31" />
9-->src/main/AndroidManifest.xml
10
11    <uses-permission android:name="android.permission.MANAGE_EXTERNAL_STORAGE" />
11-->src/main/AndroidManifest.xml:5:5-81
11-->src/main/AndroidManifest.xml:5:22-79
12    <uses-permission android:name="android.permission.READ_EXTERNAL_STORAGE" />
12-->src/main/AndroidManifest.xml:6:5-79
12-->src/main/AndroidManifest.xml:6:22-77
13    <uses-permission android:name="android.permission.INTERNET" />
13-->src/main/AndroidManifest.xml:7:5-66
13-->src/main/AndroidManifest.xml:7:22-64
14    <uses-permission android:name="android.permission.WRITE_EXTERNAL_STORAGE" />
14-->src/main/AndroidManifest.xml:8:5-80
14-->src/main/AndroidManifest.xml:8:22-78
15
16    <permission
16-->[androidx.core:core:1.9.0] AndroidManifest.xml:22:5-24:47
17        android:name="net.apw.codeaurora.gitclone.DYNAMIC_RECEIVER_NOT_EXPORTED_PERMISSION"
17-->[androidx.core:core:1.9.0] AndroidManifest.xml:23:9-81
18        android:protectionLevel="signature" />
18-->[androidx.core:core:1.9.0] AndroidManifest.xml:24:9-44
19
20    <uses-permission android:name="net.apw.codeaurora.gitclone.DYNAMIC_RECEIVER_NOT_EXPORTED_PERMISSION" />
20-->[androidx.core:core:1.9.0] AndroidManifest.xml:26:5-97
20-->[androidx.core:core:1.9.0] AndroidManifest.xml:26:22-94
21
22    <application
22-->src/main/AndroidManifest.xml:9:5-27:19
23        android:allowBackup="true"
23-->src/main/AndroidManifest.xml:10:9-35
24        android:appComponentFactory="androidx.core.app.CoreComponentFactory"
24-->[androidx.core:core:1.9.0] AndroidManifest.xml:28:18-86
25        android:icon="@mipmap/ic_launcher"
25-->src/main/AndroidManifest.xml:11:9-43
26        android:label="@string/app_name"
26-->src/main/AndroidManifest.xml:13:9-41
27        android:roundIcon="@mipmap/ic_launcher"
27-->src/main/AndroidManifest.xml:12:9-48
28        android:supportsRtl="true"
28-->src/main/AndroidManifest.xml:14:9-35
29        android:theme="@style/AppTheme" >
29-->src/main/AndroidManifest.xml:15:9-40
30        <activity
30-->src/main/AndroidManifest.xml:16:9-25:20
31            android:name="net.apw.codeaurora.gitclone.MainActivity"
31-->src/main/AndroidManifest.xml:17:13-40
32            android:exported="true" >
32-->src/main/AndroidManifest.xml:18:13-36
33            <intent-filter>
33-->src/main/AndroidManifest.xml:19:13-24:29
34                <action android:name="android.intent.action.MAIN" />
34-->src/main/AndroidManifest.xml:20:17-21:65
34-->src/main/AndroidManifest.xml:21:21-62
35
36                <category android:name="android.intent.category.LAUNCHER" />
36-->src/main/AndroidManifest.xml:22:17-23:71
36-->src/main/AndroidManifest.xml:23:21-68
37            </intent-filter>
38        </activity>
39        <activity android:name="net.apw.codeaurora.gitclone.SettingsActivity" />
39-->src/main/AndroidManifest.xml:26:9-52
39-->src/main/AndroidManifest.xml:26:19-50
40
41        <provider
41-->[androidx.emoji2:emoji2:1.2.0] AndroidManifest.xml:24:9-32:20
42            android:name="androidx.startup.InitializationProvider"
42-->[androidx.emoji2:emoji2:1.2.0] AndroidManifest.xml:25:13-67
43            android:authorities="net.apw.codeaurora.gitclone.androidx-startup"
43-->[androidx.emoji2:emoji2:1.2.0] AndroidManifest.xml:26:13-68
44            android:exported="false" >
44-->[androidx.emoji2:emoji2:1.2.0] AndroidManifest.xml:27:13-37
45            <meta-data
45-->[androidx.emoji2:emoji2:1.2.0] AndroidManifest.xml:29:13-31:52
46                android:name="androidx.emoji2.text.EmojiCompatInitializer"
46-->[androidx.emoji2:emoji2:1.2.0] AndroidManifest.xml:30:17-75
47                android:value="androidx.startup" />
47-->[androidx.emoji2:emoji2:1.2.0] AndroidManifest.xml:31:17-49
48            <meta-data
48-->[androidx.lifecycle:lifecycle-process:2.4.1] AndroidManifest.xml:31:13-33:52
49                android:name="androidx.lifecycle.ProcessLifecycleInitializer"
49-->[androidx.lifecycle:lifecycle-process:2.4.1] AndroidManifest.xml:32:17-78
50                android:value="androidx.startup" />
50-->[androidx.lifecycle:lifecycle-process:2.4.1] AndroidManifest.xml:33:17-49
51            <meta-data
51-->[androidx.profileinstaller:profileinstaller:1.2.0] AndroidManifest.xml:30:13-32:52
52                android:name="androidx.profileinstaller.ProfileInstallerInitializer"
52-->[androidx.profileinstaller:profileinstaller:1.2.0] AndroidManifest.xml:31:17-85
53                android:value="androidx.startup" />
53-->[androidx.profileinstaller:profileinstaller:1.2.0] AndroidManifest.xml:32:17-49
54        </provider>
55
56        <receiver
56-->[androidx.profileinstaller:profileinstaller:1.2.0] AndroidManifest.xml:35:9-47:20
57            android:name="androidx.profileinstaller.ProfileInstallReceiver"
57-->[androidx.profileinstaller:profileinstaller:1.2.0] AndroidManifest.xml:36:13-76
58            android:directBootAware="false"
58-->[androidx.profileinstaller:profileinstaller:1.2.0] AndroidManifest.xml:37:13-44
59            android:enabled="true"
59-->[androidx.profileinstaller:profileinstaller:1.2.0] AndroidManifest.xml:38:13-35
60            android:exported="true"
60-->[androidx.profileinstaller:profileinstaller:1.2.0] AndroidManifest.xml:39:13-36
61            android:permission="android.permission.DUMP" >
61-->[androidx.profileinstaller:profileinstaller:1.2.0] AndroidManifest.xml:40:13-57
62            <intent-filter>
62-->[androidx.profileinstaller:profileinstaller:1.2.0] AndroidManifest.xml:41:13-43:29
63                <action android:name="androidx.profileinstaller.action.INSTALL_PROFILE" />
63-->[androidx.profileinstaller:profileinstaller:1.2.0] AndroidManifest.xml:42:17-91
63-->[androidx.profileinstaller:profileinstaller:1.2.0] AndroidManifest.xml:42:25-88
64            </intent-filter>
65            <intent-filter>
65-->[androidx.profileinstaller:profileinstaller:1.2.0] AndroidManifest.xml:44:13-46:29
66                <action android:name="androidx.profileinstaller.action.SKIP_FILE" />
66-->[androidx.profileinstaller:profileinstaller:1.2.0] AndroidManifest.xml:45:17-85
66-->[androidx.profileinstaller:profileinstaller:1.2.0] AndroidManifest.xml:45:25-82
67            </intent-filter>
68        </receiver>
69    </application>
70
71</manifest>